
> upkeep@0.1.0 dev
> next dev

 тип Failed to start server
Error: listen EADDRINUSE: address already in use :::44015
    at Server.setupListenHandle [as _listen2] (node:net:1940:16)
    at listenInCluster (node:net:1997:12)
    at Server.listen (node:net:2102:7)
    at /data/.openclaw/workspace/intention/node_modules/next/dist/server/lib/start-server.js:279:16
    at new Promise (<anonymous>)
    at startServer (/data/.openclaw/workspace/intention/node_modules/next/dist/server/lib/start-server.js:190:11)
    at /data/.openclaw/workspace/intention/node_modules/next/dist/server/lib/start-server.js:309:52
    at Span.traceAsyncFn (/data/.openclaw/workspace/intention/node_modules/next/dist/trace/trace.js:147:26)
    at process.<anonymous> (/data/.openclaw/workspace/intention/node_modules/next/dist/server/lib/start-server.js:309:35)
    at process.emit (node:events:519:28) {
  code: 'EADDRINUSE',
  errno: -98,
  syscall: 'listen',
  address: '::',
  port: 44015
}
[?25h
